[20-12-2020 16:13:14] Starting application.
[20-12-2020 16:13:15] Switching to render mode: full.
[20-12-2020 16:13:25] Loading cache C:\Users\leigh\.Grevador. 317=true, OSRS=true, interface_rev=-1.
[20-12-2020 16:13:26] Opening interface 139.
[20-12-2020 16:13:27] Opening interface 147.
[20-12-2020 16:13:27] Opening interface 150.
[20-12-2020 16:13:28] Opening interface 151.
[20-12-2020 16:13:29] Opening interface 183.
[20-12-2020 16:13:31] Opening interface 193.
[20-12-2020 16:13:34] Opening interface 7271.
[20-12-2020 16:13:34] Opening interface 7456.
[20-12-2020 16:13:35] Opening interface 7464.
[20-12-2020 16:13:37] Opening interface 21172.
[20-12-2020 16:13:39] Opening interface 18691.
[20-12-2020 16:13:39] Opening interface 18689.
[20-12-2020 16:13:40] Opening interface 18688.
[20-12-2020 16:13:40] Opening interface 18687.
[20-12-2020 16:13:41] Opening interface 18681.
[20-12-2020 16:13:41] Opening interface 18679.
[20-12-2020 16:13:42] Opening interface 18586.
[20-12-2020 16:13:42] Opening interface 18676.
[20-12-2020 16:13:42] Opening interface 18585.
[20-12-2020 16:13:43] Opening interface 18581.
[20-12-2020 16:13:44] Opening interface 18580.
[20-12-2020 16:13:44] Opening interface 18579.
[20-12-2020 16:13:44] Opening interface 18578.
[20-12-2020 16:13:44] Opening interface 18577.
[20-12-2020 16:13:45] Opening interface 18570.
[20-12-2020 16:13:45] Opening interface 18565.
[20-12-2020 16:13:45] Opening interface 18564.
[20-12-2020 16:13:45] Opening interface 18563.
[20-12-2020 16:13:45] Opening interface 18562.
[20-12-2020 16:13:45] Opening interface 18561.
[20-12-2020 16:13:46] Opening interface 18560.
[20-12-2020 16:13:46] Opening interface 18525.
[20-12-2020 16:13:46] Opening interface 18497.
[20-12-2020 16:13:47] Opening interface 18525.
[20-12-2020 16:13:47] Opening interface 18497.
[20-12-2020 16:13:48] Opening interface 18483.
[20-12-2020 16:13:48] Opening interface 18471.
[20-12-2020 16:13:48] Opening interface 18469.
[20-12-2020 16:13:49] Opening interface 18468.
[20-12-2020 16:13:49] Opening interface 18467.
[20-12-2020 16:13:49] Opening interface 18460.
[20-12-2020 16:13:50] Opening interface 18458.
[20-12-2020 16:13:50] Opening interface 18456.
[20-12-2020 16:13:50] Opening interface 18452.
[20-12-2020 16:13:50] Opening interface 18436.
[20-12-2020 16:13:50] Opening interface 18433.
[20-12-2020 16:13:51] Opening interface 18436.
[20-12-2020 16:13:51] Opening interface 18433.
[20-12-2020 16:13:51] Opening interface 18418.
[20-12-2020 16:13:51] Opening interface 18343.
[20-12-2020 16:13:52] Opening interface 18322.
[20-12-2020 16:13:52] Opening interface 18307.
[20-12-2020 16:13:52] Opening interface 18299.
[20-12-2020 16:13:54] Opening interface 18293.
[20-12-2020 16:13:55] Opening interface 18288.
[20-12-2020 16:13:55] Opening interface 18284.
[20-12-2020 16:13:56] Opening interface 18281.
[20-12-2020 16:13:56] Opening interface 18220.
[20-12-2020 16:13:56] Opening interface 18178.
[20-12-2020 16:13:57] Opening interface 18176.
[20-12-2020 16:13:57] Opening interface 18178.
[20-12-2020 16:13:57] Opening interface 18220.
[20-12-2020 16:13:58] Opening interface 18178.
[20-12-2020 16:13:58] Opening interface 18176.
[20-12-2020 16:13:58] Opening interface 18164.
[20-12-2020 16:13:58] Opening interface 18055.
[20-12-2020 16:13:59] Opening interface 17907.
[20-12-2020 16:13:59] Opening interface 17888.
[20-12-2020 16:13:59] Opening interface 17774.
[20-12-2020 16:13:59] Opening interface 17687.
[20-12-2020 16:14:00] Opening interface 17634.
[20-12-2020 16:14:00] Opening interface 17620.
[20-12-2020 16:14:01] Opening interface 17537.
[20-12-2020 16:14:01] Opening interface 17525.
[20-12-2020 16:14:01] Opening interface 17522.
[20-12-2020 16:14:01] Opening interface 17511.
[20-12-2020 16:14:01] Opening interface 17192.
[20-12-2020 16:14:02] Opening interface 17188.
[20-12-2020 16:14:02] Opening interface 17073.
[20-12-2020 16:14:02] Opening interface 17188.
[20-12-2020 16:14:03] Opening interface 17192.
[20-12-2020 16:14:04] Opening interface 17511.
[20-12-2020 16:14:04] Opening interface 17192.
[20-12-2020 16:14:05] Opening interface 17188.
[20-12-2020 16:14:05] Opening interface 17073.
[20-12-2020 16:14:07] Opening interface 16847.
[20-12-2020 16:14:09] Opening interface 16574.
[20-12-2020 16:14:10] Opening interface 16570.
[20-12-2020 16:14:10] Opening interface 16276.
[20-12-2020 16:14:11] Opening interface 16161.
[20-12-2020 16:14:12] Opening interface 16152.
[20-12-2020 16:14:12] Opening interface 16150.
[20-12-2020 16:14:12] Opening interface 16135.
[20-12-2020 16:14:12] Opening interface 16129.
[20-12-2020 16:14:13] Opening interface 15962.
[20-12-2020 16:14:13] Opening interface 15944.
[20-12-2020 16:14:14] Opening interface 15931.
[20-12-2020 16:14:14] Opening interface 15944.
[20-12-2020 16:14:15] Opening interface 15931.
[20-12-2020 16:14:15] Opening interface 15917.
[20-12-2020 16:14:15] Opening interface 15892.
[20-12-2020 16:14:15] Opening interface 15878.
[20-12-2020 16:14:16] Opening interface 15843.
[20-12-2020 16:14:16] Opening interface 15831.
[20-12-2020 16:14:16] Opening interface 15819.
[20-12-2020 16:14:17] Opening interface 15812.
[20-12-2020 16:14:17] Opening interface 15819.
[20-12-2020 16:14:17] Opening interface 15831.
[20-12-2020 16:14:19] Opening interface 15819.
[20-12-2020 16:14:19] Opening interface 15812.
[20-12-2020 16:14:19] Opening interface 15801.
[20-12-2020 16:14:20] Opening interface 15791.
[20-12-2020 16:14:20] Opening interface 15774.
[20-12-2020 16:14:20] Opening interface 15767.
[20-12-2020 16:14:20] Opening interface 15712.
[20-12-2020 16:14:20] Opening interface 15614.
[20-12-2020 16:14:21] Opening interface 15712.
[20-12-2020 16:14:22] Opening interface 15614.
[20-12-2020 16:14:25] Opening interface 15593.
[20-12-2020 16:14:25] Opening interface 15588.
[20-12-2020 16:14:26] Opening interface 15568.
[20-12-2020 16:14:26] Opening interface 15541.
[20-12-2020 16:14:26] Opening interface 15529.
[20-12-2020 16:14:27] Opening interface 15500.
[20-12-2020 16:14:27] Opening interface 15488.
[20-12-2020 16:14:27] Opening interface 15500.
[20-12-2020 16:14:28] Opening interface 15488.
[20-12-2020 16:14:29] Opening interface 15353.
[20-12-2020 16:14:29] Opening interface 15336.
[20-12-2020 16:14:30] Opening interface 15328.
[20-12-2020 16:14:31] Opening interface 15322.
[20-12-2020 16:14:32] Opening interface 15267.
[20-12-2020 16:14:32] Opening interface 15244.
[20-12-2020 16:14:32] Opening interface 15192.
[20-12-2020 16:14:33] Opening interface 15181.
[20-12-2020 16:14:33] Opening interface 15192.
[20-12-2020 16:14:34] Opening interface 15244.
[20-12-2020 16:14:35] Opening interface 15192.
[20-12-2020 16:14:36] Opening interface 15181.
[20-12-2020 16:14:36] Opening interface 15175.
[20-12-2020 16:14:37] Opening interface 15170.
[20-12-2020 16:14:37] Opening interface 15100.
[20-12-2020 16:14:37] Opening interface 15068.
[20-12-2020 16:14:38] Opening interface 14924.
[20-12-2020 16:14:38] Opening interface 15068.
[20-12-2020 16:14:39] Opening interface 15100.
[20-12-2020 16:14:39] Opening interface 15068.
[20-12-2020 16:14:39] Opening interface 14924.
[20-12-2020 16:14:40] Opening interface 14918.
[20-12-2020 16:14:40] Opening interface 14670.
[20-12-2020 16:14:41] Opening interface 14664.
[20-12-2020 16:14:42] Opening interface 14670.
[20-12-2020 16:14:43] Opening interface 14664.
[20-12-2020 16:14:43] Opening interface 14654.
[20-12-2020 16:14:43] Opening interface 14606.
[20-12-2020 16:14:44] Opening interface 14600.
[20-12-2020 16:14:44] Opening interface 14594.
[20-12-2020 16:14:44] Opening interface 14578.
[20-12-2020 16:14:45] Opening interface 14458.
[20-12-2020 16:14:45] Opening interface 14456.
[20-12-2020 16:14:46] Opening interface 14443.
[20-12-2020 16:14:46] Opening interface 14378.
[20-12-2020 16:14:47] Opening interface 14244.
[20-12-2020 16:14:48] Opening interface 14230.
[20-12-2020 16:14:49] Opening interface 14217.
[20-12-2020 16:14:50] Opening interface 14206.
[20-12-2020 16:14:50] Opening interface 14191.
[20-12-2020 16:14:50] Opening interface 14187.
[20-12-2020 16:14:51] Opening interface 14170.
[20-12-2020 16:14:52] Opening interface 14062.
[20-12-2020 16:14:52] Opening interface 13989.
[20-12-2020 16:14:53] Opening interface 13975.
[20-12-2020 16:14:54] Opening interface 13960.
[20-12-2020 16:14:55] Opening interface 13929.
[20-12-2020 16:14:55] Opening interface 13917.
[20-12-2020 16:14:55] Opening interface 13901.
[20-12-2020 16:14:56] Opening interface 13782.
[20-12-2020 16:14:58] Opening interface 13768.
[20-12-2020 16:14:58] Opening interface 13758.
[20-12-2020 16:14:59] Opening interface 13749.
[20-12-2020 16:14:59] Opening interface 13710.
[20-12-2020 16:14:59] Opening interface 13691.
[20-12-2020 16:15:00] Opening interface 13585.
[20-12-2020 16:15:00] Opening interface 13583.
[20-12-2020 16:15:00] Opening interface 13585.
[20-12-2020 16:15:01] Opening interface 13583.
[20-12-2020 16:15:01] Opening interface 13578.
[20-12-2020 16:15:02] Opening interface 13561.
[20-12-2020 16:15:02] Opening interface 13486.
[20-12-2020 16:15:03] Opening interface 13394.
[20-12-2020 16:15:03] Opening interface 13390.
[20-12-2020 16:15:03] Opening interface 13388.
[20-12-2020 16:15:04] Opening interface 13387.
[20-12-2020 16:15:04] Opening interface 13386.
[20-12-2020 16:15:04] Opening interface 13382.
[20-12-2020 16:15:04] Opening interface 13381.
[20-12-2020 16:15:05] Opening interface 13380.
[20-12-2020 16:15:05] Opening interface 13379.
[20-12-2020 16:15:05] Opening interface 13378.
[20-12-2020 16:15:05] Opening interface 13377.
[20-12-2020 16:15:05] Opening interface 13376.
[20-12-2020 16:15:05] Opening interface 13375.
[20-12-2020 16:15:06] Opening interface 13374.
[20-12-2020 16:15:06] Opening interface 13373.
[20-12-2020 16:15:06] Opening interface 13372.
[20-12-2020 16:15:06] Opening interface 13371.
[20-12-2020 16:15:06] Opening interface 13293.
[20-12-2020 16:15:07] Opening interface 13103.
[20-12-2020 16:15:07] Opening interface 12940.
[20-12-2020 16:15:07] Opening interface 12855.
[20-12-2020 16:15:07] Opening interface 12853.
[20-12-2020 16:15:07] Opening interface 12820.
[20-12-2020 16:15:08] Opening interface 12811.
[20-12-2020 16:15:08] Opening interface 12820.
[20-12-2020 16:15:08] Opening interface 12853.
[20-12-2020 16:15:09] Opening interface 12855.
[20-12-2020 16:15:09] Opening interface 12853.
[20-12-2020 16:15:09] Opening interface 12820.
[20-12-2020 16:15:10] Opening interface 12811.
[20-12-2020 16:15:10] Opening interface 12802.
[20-12-2020 16:15:11] Opening interface 12797.
[20-12-2020 16:15:11] Opening interface 12793.
[20-12-2020 16:15:12] Opening interface 12790.
[20-12-2020 16:15:12] Opening interface 12788.
[20-12-2020 16:15:12] Opening interface 12782.
[20-12-2020 16:15:13] Opening interface 12777.
[20-12-2020 16:15:13] Opening interface 12773.
[20-12-2020 16:15:13] Opening interface 12752.
[20-12-2020 16:15:14] Opening interface 12737.
[20-12-2020 16:15:14] Opening interface 12624.
[20-12-2020 16:15:14] Opening interface 12586.
[20-12-2020 16:15:15] Opening interface 12468.
[20-12-2020 16:15:17] Opening interface 12467.
[20-12-2020 16:15:17] Opening interface 12466.
[20-12-2020 16:15:18] Opening interface 12465.
[20-12-2020 16:15:18] Opening interface 12463.
[20-12-2020 16:15:19] Opening interface 12456.
[20-12-2020 16:15:19] Opening interface 12446.
[20-12-2020 16:15:19] Opening interface 12436.
[20-12-2020 16:15:20] Opening interface 12426.
[20-12-2020 16:15:20] Opening interface 12418.
[20-12-2020 16:15:20] Opening interface 12416.
[20-12-2020 16:15:20] Opening interface 12414.
[20-12-2020 16:15:20] Opening interface 12383.
[20-12-2020 16:15:21] Opening interface 12378.
[20-12-2020 16:15:21] Opening interface 12374.
[20-12-2020 16:15:21] Opening interface 12346.
[20-12-2020 16:15:21] Opening interface 12321.
[20-12-2020 16:15:22] Opening interface 12346.
[20-12-2020 16:15:22] Opening interface 12321.
[20-12-2020 16:15:23] Opening interface 12320.
[20-12-2020 16:15:23] Opening interface 12319.
[20-12-2020 16:15:23] Opening interface 12318.
[20-12-2020 16:15:23] Opening interface 12317.
[20-12-2020 16:15:24] Opening interface 12316.
[20-12-2020 16:15:24] Opening interface 12315.
[20-12-2020 16:15:24] Opening interface 12314.
[20-12-2020 16:15:24] Opening interface 12313.
[20-12-2020 16:15:24] Opening interface 12312.
[20-12-2020 16:15:24] Opening interface 12311.
[20-12-2020 16:15:25] Opening interface 12310.
[20-12-2020 16:15:25] Opening interface 12309.
[20-12-2020 16:15:25] Opening interface 12308.
[20-12-2020 16:15:25] Opening interface 12306.
[20-12-2020 16:15:25] Opening interface 12305.
[20-12-2020 16:15:25] Opening interface 12292.
[20-12-2020 16:15:25] Opening interface 12291.
[20-12-2020 16:15:26] Opening interface 12290.
[20-12-2020 16:15:26] Opening interface 12283.
[20-12-2020 16:15:26] Opening interface 12290.
[20-12-2020 16:15:27] Opening interface 12283.
[20-12-2020 16:15:27] Opening interface 12278.
[20-12-2020 16:15:27] Opening interface 12266.
[20-12-2020 16:15:28] Opening interface 12231.
[20-12-2020 16:15:29] Opening interface 12140.
[20-12-2020 16:15:29] Opening interface 12130.
[20-12-2020 16:15:29] Opening interface 12122.
[20-12-2020 16:15:30] Opening interface 12082.
[20-12-2020 16:15:30] Opening interface 12062.
[20-12-2020 16:15:30] Opening interface 12050.
[20-12-2020 16:15:31] Opening interface 12038.
[20-12-2020 16:15:31] Opening interface 11942.
[20-12-2020 16:15:31] Opening interface 11908.
[20-12-2020 16:15:32] Opening interface 11942.
[20-12-2020 16:15:33] Opening interface 11908.
[20-12-2020 16:15:33] Opening interface 11902.
[20-12-2020 16:15:33] Opening interface 11898.
[20-12-2020 16:15:34] Opening interface 11891.
[20-12-2020 16:15:34] Opening interface 11884.
[20-12-2020 16:15:34] Opening interface 11877.
[20-12-2020 16:15:35] Opening interface 11870.
[20-12-2020 16:15:35] Opening interface 11864.
[20-12-2020 16:15:35] Opening interface 11859.
[20-12-2020 16:15:35] Opening interface 11485.
[20-12-2020 16:15:35] Opening interface 11479.
[20-12-2020 16:15:36] Opening interface 11485.
[20-12-2020 16:15:37] Opening interface 11479.
[20-12-2020 16:15:37] Opening interface 11462.
[20-12-2020 16:15:37] Opening interface 11367.
[20-12-2020 16:15:37] Opening interface 11344.
[20-12-2020 16:15:38] Opening interface 11367.
[20-12-2020 16:15:38] Opening interface 11344.
[20-12-2020 16:15:39] Opening interface 11333.
[20-12-2020 16:15:39] Opening interface 11169.
[20-12-2020 16:15:40] Opening interface 11146.
[20-12-2020 16:15:41] Opening interface 11126.
[20-12-2020 16:15:41] Opening interface 11124.
[20-12-2020 16:15:41] Opening interface 11104.
[20-12-2020 16:15:42] Opening interface 11103.
[20-12-2020 16:15:42] Opening interface 11102.
[20-12-2020 16:15:42] Opening interface 11101.
[20-12-2020 16:15:42] Opening interface 11092.
[20-12-2020 16:15:43] Opening interface 10984.
[20-12-2020 16:15:43] Opening interface 10874.
[20-12-2020 16:15:44] Opening interface 10870.
[20-12-2020 16:15:44] Opening interface 10755.
[20-12-2020 16:15:44] Opening interface 10617.
[20-12-2020 16:15:45] Opening interface 10507.
[20-12-2020 16:15:45] Opening interface 10503.
[20-12-2020 16:15:45] Opening interface 10380.
[20-12-2020 16:15:45] Opening interface 10294.
[20-12-2020 16:15:45] Opening interface 10116.
[20-12-2020 16:15:45] Opening interface 10051.
[20-12-2020 16:15:46] Opening interface 9947.
[20-12-2020 16:15:46] Opening interface 9929.
[20-12-2020 16:15:46] Opening interface 9839.
[20-12-2020 16:15:46] Opening interface 9720.
[20-12-2020 16:15:47] Opening interface 9839.
[20-12-2020 16:15:47] Opening interface 9929.
[20-12-2020 16:15:47] Opening interface 9947.
[20-12-2020 16:15:49] Opening interface 8880.
[20-12-2020 16:15:50] Opening interface 8866.
[20-12-2020 16:15:50] Opening interface 8714.
[20-12-2020 16:15:50] Opening interface 8680.
[20-12-2020 16:15:51] Opening interface 8714.
[20-12-2020 16:15:52] Opening interface 8866.
[20-12-2020 16:15:53] Opening interface 8714.
[20-12-2020 16:15:53] Opening interface 8866.
[20-12-2020 16:15:53] Opening interface 8880.
[20-12-2020 16:15:53] Opening interface 8899.
[20-12-2020 16:15:54] Opening interface 8938.
[20-12-2020 16:15:54] Opening interface 9043.
[20-12-2020 16:15:54] Opening interface 9108.
[20-12-2020 16:15:54] Opening interface 9196.
[20-12-2020 16:15:54] Opening interface 9275.
[20-12-2020 16:15:54] Opening interface 9196.
[20-12-2020 16:15:54] Opening interface 9108.
[20-12-2020 16:15:55] Opening interface 9043.
[20-12-2020 16:15:55] Opening interface 8938.
[20-12-2020 16:15:55] Opening interface 8899.
[20-12-2020 16:15:55] Opening interface 8880.
[20-12-2020 16:15:55] Opening interface 8866.
[20-12-2020 16:15:55] Opening interface 8714.
[20-12-2020 16:15:56] Opening interface 8680.
[20-12-2020 16:15:56] Opening interface 8677.
[20-12-2020 16:15:56] Opening interface 8559.
[20-12-2020 16:15:56] Opening interface 8511.
[20-12-2020 16:15:56] Opening interface 8492.
[20-12-2020 16:15:57] Opening interface 8511.
[20-12-2020 16:15:57] Opening interface 8559.
[20-12-2020 16:15:57] Opening interface 8677.
[20-12-2020 16:15:57] Opening interface 8680.
[20-12-2020 16:15:58] Opening interface 8677.
[20-12-2020 16:15:59] Opening interface 8559.
[20-12-2020 16:15:59] Opening interface 8511.
[20-12-2020 16:15:59] Opening interface 8492.
[20-12-2020 16:16:00] Opening interface 8491.
[20-12-2020 16:16:00] Opening interface 8490.
[20-12-2020 16:16:00] Opening interface 8489.
[20-12-2020 16:16:00] Opening interface 8488.
[20-12-2020 16:16:00] Opening interface 8487.
[20-12-2020 16:16:01] Opening interface 8486.
[20-12-2020 16:16:01] Opening interface 8485.
[20-12-2020 16:16:01] Opening interface 8484.
[20-12-2020 16:16:01] Opening interface 8483.
[20-12-2020 16:16:01] Opening interface 8482.
[20-12-2020 16:16:01] Opening interface 8480.
[20-12-2020 16:16:02] Opening interface 8479.
[20-12-2020 16:16:02] Opening interface 8478.
[20-12-2020 16:16:02] Opening interface 8477.
[20-12-2020 16:16:02] Opening interface 8476.
[20-12-2020 16:16:02] Opening interface 8475.
[20-12-2020 16:16:02] Opening interface 8462.
[20-12-2020 16:16:03] Opening interface 8461.
[20-12-2020 16:16:03] Opening interface 8460.
[20-12-2020 16:16:04] Opening interface 8292.
[20-12-2020 16:16:04] Opening interface 8287.
[20-12-2020 16:16:05] Opening interface 8219.
[20-12-2020 16:16:05] Opening interface 8207.
[20-12-2020 16:16:05] Opening interface 8134.
[20-12-2020 16:16:06] Opening interface 8119.
[20-12-2020 16:16:06] Opening interface 8016.
[20-12-2020 16:16:06] Opening interface 7799.
[20-12-2020 16:16:07] Opening interface 7798.
[20-12-2020 16:16:07] Opening interface 7799.
[20-12-2020 16:16:07] Opening interface 8016.
[20-12-2020 16:16:07] Opening interface 8119.
[20-12-2020 16:16:08] Opening interface 8016.
[20-12-2020 16:16:08] Opening interface 7799.
[20-12-2020 16:16:09] Opening interface 7798.
[20-12-2020 16:16:09] Opening interface 7797.
[20-12-2020 16:16:09] Opening interface 7796.
[20-12-2020 16:16:09] Opening interface 7795.
[20-12-2020 16:16:10] Opening interface 7796.
[20-12-2020 16:16:10] Opening interface 7797.
[20-12-2020 16:16:10] Opening interface 7798.
[20-12-2020 16:16:10] Opening interface 7799.
[20-12-2020 16:16:10] Opening interface 8016.
[20-12-2020 16:16:11] Opening interface 7799.
[20-12-2020 16:16:11] Opening interface 7798.
[20-12-2020 16:16:12] Opening interface 7797.
[20-12-2020 16:16:12] Opening interface 7796.
[20-12-2020 16:16:12] Opening interface 7795.
[20-12-2020 16:16:12] Opening interface 7794.
[20-12-2020 16:16:12] Opening interface 7793.
[20-12-2020 16:16:13] Opening interface 7792.
[20-12-2020 16:16:13] Opening interface 7791.
[20-12-2020 16:16:13] Opening interface 7790.
[20-12-2020 16:16:13] Opening interface 7789.
[20-12-2020 16:16:14] Opening interface 7787.
[20-12-2020 16:16:14] Opening interface 7786.
[20-12-2020 16:16:14] Opening interface 7785.
[20-12-2020 16:16:14] Opening interface 7784.
[20-12-2020 16:16:14] Opening interface 7783.
[20-12-2020 16:16:14] Opening interface 7782.
[20-12-2020 16:16:15] Opening interface 7781.
[20-12-2020 16:16:15] Opening interface 7780.
[20-12-2020 16:16:15] Opening interface 7764.
[20-12-2020 16:16:15] Opening interface 7763.
[20-12-2020 16:16:15] Opening interface 7762.
[20-12-2020 16:16:15] Opening interface 7722.
[20-12-2020 16:16:16] Opening interface 7762.
[20-12-2020 16:16:16] Opening interface 7722.
[20-12-2020 16:16:16] Opening interface 7721.
[20-12-2020 16:16:17] Opening interface 7720.
[20-12-2020 16:16:17] Opening interface 7719.
[20-12-2020 16:16:17] Opening interface 7718.
[20-12-2020 16:16:17] Opening interface 7717.
[20-12-2020 16:16:17] Opening interface 7716.
[20-12-2020 16:16:18] Opening interface 7715.
[20-12-2020 16:16:18] Opening interface 7714.
[20-12-2020 16:16:18] Opening interface 7713.
[20-12-2020 16:16:18] Opening interface 7712.
[20-12-2020 16:16:18] Opening interface 7698.
[20-12-2020 16:16:18] Opening interface 7697.
[20-12-2020 16:16:19] Opening interface 7696.
[20-12-2020 16:16:19] Opening interface 7695.
[20-12-2020 16:16:19] Opening interface 7694.
[20-12-2020 16:16:19] Opening interface 7693.
[20-12-2020 16:16:19] Opening interface 7692.
[20-12-2020 16:16:19] Opening interface 7691.
[20-12-2020 16:16:19] Opening interface 7690.
[20-12-2020 16:16:20] Opening interface 7689.
[20-12-2020 16:16:20] Opening interface 7688.
[20-12-2020 16:16:20] Opening interface 7673.
[20-12-2020 16:16:20] Opening interface 7672.
[20-12-2020 16:16:20] Opening interface 7671.
[20-12-2020 16:16:20] Opening interface 7670.
[20-12-2020 16:16:21] Opening interface 7669.
[20-12-2020 16:16:21] Opening interface 7668.
[20-12-2020 16:16:21] Opening interface 7667.
[20-12-2020 16:16:21] Opening interface 7666.
[20-12-2020 16:16:21] Opening interface 7665.
[20-12-2020 16:16:21] Opening interface 7664.
[20-12-2020 16:16:21] Opening interface 7663.
[20-12-2020 16:16:22] Opening interface 7648.
[20-12-2020 16:16:22] Opening interface 7647.
[20-12-2020 16:16:22] Opening interface 7646.
[20-12-2020 16:16:22] Opening interface 7645.
[20-12-2020 16:16:22] Opening interface 7644.
[20-12-2020 16:16:22] Opening interface 7643.
[20-12-2020 16:16:23] Opening interface 7642.
[20-12-2020 16:16:23] Opening interface 7641.
[20-12-2020 16:16:23] Opening interface 7640.
[20-12-2020 16:16:23] Opening interface 7639.
[20-12-2020 16:16:23] Opening interface 7638.
[20-12-2020 16:16:23] Opening interface 7622.
[20-12-2020 16:16:24] Opening interface 7621.
[20-12-2020 16:16:24] Opening interface 7620.
[20-12-2020 16:16:24] Opening interface 7619.
[20-12-2020 16:16:24] Opening interface 7618.
[20-12-2020 16:16:24] Opening interface 7617.
[20-12-2020 16:16:24] Opening interface 7616.
[20-12-2020 16:16:24] Opening interface 7615.
[20-12-2020 16:16:25] Opening interface 7614.
[20-12-2020 16:16:25] Opening interface 7613.
[20-12-2020 16:16:25] Opening interface 7612.
[20-12-2020 16:16:25] Opening interface 7598.
[20-12-2020 16:16:25] Opening interface 7597.
[20-12-2020 16:16:25] Opening interface 7596.
[20-12-2020 16:16:26] Opening interface 7595.
[20-12-2020 16:16:26] Opening interface 7594.
[20-12-2020 16:16:26] Opening interface 7593.
[20-12-2020 16:16:26] Opening interface 7592.
[20-12-2020 16:16:26] Opening interface 7591.
[20-12-2020 16:16:26] Opening interface 7590.
[20-12-2020 16:16:27] Opening interface 7589.
[20-12-2020 16:16:27] Opening interface 7588.
[20-12-2020 16:16:27] Opening interface 7573.
[20-12-2020 16:16:27] Opening interface 7572.
[20-12-2020 16:16:27] Opening interface 7571.
[20-12-2020 16:16:27] Opening interface 7570.
[20-12-2020 16:16:28] Opening interface 7569.
[20-12-2020 16:16:28] Opening interface 7568.
[20-12-2020 16:16:28] Opening interface 7567.
[20-12-2020 16:16:28] Opening interface 7566.
[20-12-2020 16:16:28] Opening interface 7565.
[20-12-2020 16:16:28] Opening interface 7564.
[20-12-2020 16:16:28] Opening interface 7563.
[20-12-2020 16:16:29] Opening interface 7547.
[20-12-2020 16:16:29] Opening interface 7546.
[20-12-2020 16:16:29] Opening interface 7545.
[20-12-2020 16:16:29] Opening interface 7544.
[20-12-2020 16:16:29] Opening interface 7543.
[20-12-2020 16:16:29] Opening interface 7542.
[20-12-2020 16:16:30] Opening interface 7541.
[20-12-2020 16:16:30] Opening interface 7540.
[20-12-2020 16:16:30] Opening interface 7539.
[20-12-2020 16:16:30] Opening interface 7538.
[20-12-2020 16:16:30] Opening interface 7537.
[20-12-2020 16:16:30] Opening interface 7497.
[20-12-2020 16:16:31] Opening interface 7496.
[20-12-2020 16:16:31] Opening interface 7495.
[20-12-2020 16:16:31] Opening interface 7494.
[20-12-2020 16:16:31] Opening interface 7493.
[20-12-2020 16:16:31] Opening interface 7492.
[20-12-2020 16:16:31] Opening interface 7491.
[20-12-2020 16:16:32] Opening interface 7490.
[20-12-2020 16:16:32] Opening interface 7489.
[20-12-2020 16:16:32] Opening interface 7488.
[20-12-2020 16:16:32] Opening interface 7487.
[20-12-2020 16:16:32] Opening interface 7472.
[20-12-2020 16:16:32] Opening interface 7471.
[20-12-2020 16:16:33] Opening interface 7470.
[20-12-2020 16:16:33] Opening interface 7469.
[20-12-2020 16:16:33] Opening interface 7468.
[20-12-2020 16:16:33] Opening interface 7467.
[20-12-2020 16:16:33] Opening interface 7466.
[20-12-2020 16:16:33] Opening interface 7465.
[20-12-2020 16:16:34] Opening interface 7464.
[20-12-2020 16:16:34] Opening interface 7463.
[20-12-2020 16:16:34] Opening interface 7462.
[20-12-2020 16:16:34] Opening interface 7456.
[20-12-2020 16:16:34] Opening interface 7424.
[20-12-2020 16:16:34] Opening interface 7271.
[20-12-2020 16:16:35] Opening interface 7424.
[20-12-2020 16:16:35] Opening interface 7456.
[20-12-2020 16:16:35] Opening interface 7424.
[20-12-2020 16:16:36] Opening interface 7271.
[20-12-2020 16:16:36] Opening interface 7221.
[20-12-2020 16:16:36] Opening interface 7162.
[20-12-2020 16:16:36] Opening interface 7113.
[20-12-2020 16:16:36] Opening interface 7045.
[20-12-2020 16:16:37] Opening interface 6994.
[20-12-2020 16:16:37] Opening interface 6988.
[20-12-2020 16:16:37] Opening interface 6976.
[20-12-2020 16:16:37] Opening interface 6965.
[20-12-2020 16:16:37] Opening interface 6960.
[20-12-2020 16:16:37] Opening interface 6946.
[20-12-2020 16:16:38] Opening interface 6733.
[20-12-2020 16:16:39] Opening interface 6675.
[20-12-2020 16:16:40] Opening interface 6575.
[20-12-2020 16:16:41] Opening interface 6573.
[20-12-2020 16:16:41] Opening interface 6568.
[20-12-2020 16:16:41] Opening interface 6554.
[20-12-2020 16:16:42] Opening interface 6543.
[20-12-2020 16:16:42] Opening interface 6554.
[20-12-2020 16:16:43] Opening interface 6543.
[20-12-2020 16:16:43] Opening interface 6541.
[20-12-2020 16:16:44] Opening interface 6540.
[20-12-2020 16:16:44] Opening interface 6533.
[20-12-2020 16:16:44] Opening interface 6532.
[20-12-2020 16:16:45] Opening interface 6522.
[20-12-2020 16:16:45] Opening interface 6519.
[20-12-2020 16:16:45] Opening interface 6412.
[20-12-2020 16:16:45] Opening interface 6308.
[20-12-2020 16:16:46] Opening interface 6412.
[20-12-2020 16:16:48] Opening interface 6308.
[20-12-2020 16:16:49] Opening interface 6299.
[20-12-2020 16:16:49] Opening interface 6263.
[20-12-2020 16:16:49] Opening interface 6258.
[20-12-2020 16:16:50] Opening interface 6253.
[20-12-2020 16:16:50] Opening interface 6247.
[20-12-2020 16:16:50] Opening interface 6242.
[20-12-2020 16:16:50] Opening interface 6237.
[20-12-2020 16:16:51] Opening interface 6231.
[20-12-2020 16:16:51] Opening interface 6226.
[20-12-2020 16:16:51] Opening interface 6221.
[20-12-2020 16:16:51] Opening interface 6216.
[20-12-2020 16:16:51] Opening interface 6211.
[20-12-2020 16:16:51] Opening interface 6206.
[20-12-2020 16:16:52] Opening interface 6179.
[20-12-2020 16:16:52] Opening interface 6152.
[20-12-2020 16:16:52] Opening interface 6150.
[20-12-2020 16:16:52] Opening interface 6149.
[20-12-2020 16:16:52] Opening interface 6148.
[20-12-2020 16:16:52] Opening interface 6146.
[20-12-2020 16:16:53] Opening interface 6145.
[20-12-2020 16:16:53] Opening interface 6144.
[20-12-2020 16:16:53] Opening interface 6131.
[20-12-2020 16:16:53] Opening interface 6130.
[20-12-2020 16:16:53] Opening interface 6116.
[20-12-2020 16:16:53] Opening interface 6115.
[20-12-2020 16:16:54] Opening interface 6113.
[20-12-2020 16:16:54] Opening interface 6112.
[20-12-2020 16:16:54] Opening interface 6111.
[20-12-2020 16:16:54] Opening interface 6110.
[20-12-2020 16:16:54] Opening interface 6109.
[20-12-2020 16:16:54] Opening interface 6108.
[20-12-2020 16:16:55] Opening interface 6107.
[20-12-2020 16:16:55] Opening interface 6106.
[20-12-2020 16:16:55] Opening interface 6105.
[20-12-2020 16:16:55] Opening interface 6103.
[20-12-2020 16:16:55] Opening interface 6084.
[20-12-2020 16:16:55] Opening interface 6028.
[20-12-2020 16:16:56] Opening interface 6084.
[20-12-2020 16:16:56] Opening interface 6103.
[20-12-2020 16:16:56] Opening interface 6084.
[20-12-2020 16:16:57] Opening interface 6028.
[20-12-2020 16:16:57] Opening interface 6014.
[20-12-2020 16:16:58] Opening interface 6028.
[20-12-2020 16:16:58] Opening interface 6014.
[20-12-2020 16:16:59] Opening interface 6004.
[20-12-2020 16:16:59] Opening interface 6014.
[20-12-2020 16:16:59] Opening interface 6004.
[20-12-2020 16:17:00] Opening interface 5993.
[20-12-2020 16:17:00] Opening interface 5875.
[20-12-2020 16:17:00] Opening interface 5874.
[20-12-2020 16:17:00] Opening interface 5875.
[20-12-2020 16:17:03] Opening interface 5874.
[20-12-2020 16:17:03] Opening interface 5873.
[20-12-2020 16:17:03] Opening interface 5872.
[20-12-2020 16:17:04] Opening interface 5871.
[20-12-2020 16:17:04] Opening interface 5870.
[20-12-2020 16:17:04] Opening interface 5869.
[20-12-2020 16:17:04] Opening interface 5856.
[20-12-2020 16:17:04] Opening interface 5855.
[20-12-2020 16:17:04] Opening interface 5848.
[20-12-2020 16:17:05] Opening interface 5842.
[20-12-2020 16:17:05] Opening interface 5715.
[20-12-2020 16:17:05] Opening interface 5710.
[20-12-2020 16:17:06] Opening interface 5706.
[20-12-2020 16:17:06] Opening interface 5702.
[20-12-2020 16:17:07] Opening interface 5698.
[20-12-2020 16:17:07] Opening interface 5694.
[20-12-2020 16:17:07] Opening interface 5690.
[20-12-2020 16:17:07] Opening interface 5686.
[20-12-2020 16:17:07] Opening interface 5682.
[20-12-2020 16:17:08] Opening interface 5678.
[20-12-2020 16:17:08] Opening interface 5674.
[20-12-2020 16:17:08] Opening interface 5670.
[20-12-2020 16:17:08] Opening interface 5666.
[20-12-2020 16:17:08] Opening interface 5662.
[20-12-2020 16:17:08] Opening interface 5658.
[20-12-2020 16:17:08] Opening interface 5654.
[20-12-2020 16:17:09] Opening interface 5650.
[20-12-2020 16:17:09] Opening interface 5646.
[20-12-2020 16:17:09] Opening interface 5631.
[20-12-2020 16:17:09] Opening interface 5630.
[20-12-2020 16:17:09] Opening interface 5629.
[20-12-2020 16:17:09] Opening interface 5628.
[20-12-2020 16:17:10] Opening interface 5624.
[20-12-2020 16:17:10] Opening interface 5608.
[20-12-2020 16:17:10] Opening interface 5596.
[20-12-2020 16:17:10] Opening interface 5595.
[20-12-2020 16:17:11] Opening interface 5596.
[20-12-2020 16:17:11] Opening interface 5608.
[20-12-2020 16:17:11] Opening interface 5596.
[20-12-2020 16:17:13] Opening interface 5595.
[20-12-2020 16:17:13] Opening interface 5594.
[20-12-2020 16:17:13] Opening interface 5593.
[20-12-2020 16:17:13] Opening interface 5592.
[20-12-2020 16:17:13] Opening interface 5591.
[20-12-2020 16:17:14] Opening interface 5590.
[20-12-2020 16:17:14] Opening interface 5589.
[20-12-2020 16:17:14] Opening interface 5588.
[20-12-2020 16:17:14] Opening interface 5572.
[20-12-2020 16:17:15] Opening interface 5571.
[20-12-2020 16:17:15] Opening interface 5570.
[20-12-2020 16:17:15] Opening interface 5454.
[20-12-2020 16:17:15] Opening interface 5392.
[20-12-2020 16:17:16] Opening interface 5292.
[20-12-2020 16:17:16] Opening interface 5065.
[20-12-2020 16:17:16] Opening interface 5292.
[20-12-2020 16:17:17] Opening interface 5065.
[20-12-2020 16:17:18] Opening interface 5292.
[20-12-2020 16:17:19] Opening interface 5065.
[20-12-2020 16:17:19] Opening interface 5063.
[20-12-2020 16:17:20] Opening interface 4959.
[20-12-2020 16:17:20] Opening interface 4958.
[20-12-2020 16:17:21] Opening interface 4959.
[20-12-2020 16:17:21] Opening interface 5063.
[20-12-2020 16:17:22] Opening interface 4959.
[20-12-2020 16:17:22] Opening interface 4958.
[20-12-2020 16:17:22] Opening interface 4950.
[20-12-2020 16:17:22] Opening interface 4919.
[20-12-2020 16:17:23] Opening interface 4909.
[20-12-2020 16:17:24] Opening interface 4900.
[20-12-2020 16:17:24] Opening interface 4893.
[20-12-2020 16:17:24] Opening interface 4887.
[20-12-2020 16:17:25] Opening interface 4882.
[20-12-2020 16:17:25] Opening interface 4731.
[20-12-2020 16:17:25] Opening interface 4730.
[20-12-2020 16:17:25] Opening interface 4731.
[20-12-2020 16:17:26] Opening interface 4730.
[20-12-2020 16:17:26] Opening interface 4729.
[20-12-2020 16:17:26] Opening interface 4728.
[20-12-2020 16:17:26] Opening interface 4727.
[20-12-2020 16:17:27] Opening interface 4726.
[20-12-2020 16:17:27] Opening interface 4725.
[20-12-2020 16:17:27] Opening interface 4724.
[20-12-2020 16:17:27] Opening interface 4723.
[20-12-2020 16:17:27] Opening interface 4707.
[20-12-2020 16:17:28] Opening interface 4706.
[20-12-2020 16:17:28] Opening interface 4705.
[20-12-2020 16:17:28] Opening interface 4704.
[20-12-2020 16:17:28] Opening interface 4705.
[20-12-2020 16:17:29] Opening interface 4704.
[20-12-2020 16:17:29] Opening interface 4703.
[20-12-2020 16:17:29] Opening interface 4702.
[20-12-2020 16:17:29] Opening interface 4701.
[20-12-2020 16:17:29] Opening interface 4700.
[20-12-2020 16:17:30] Opening interface 4699.
[20-12-2020 16:17:30] Opening interface 4698.
[20-12-2020 16:17:30] Opening interface 4697.
[20-12-2020 16:17:30] Opening interface 4692.
[20-12-2020 16:17:30] Opening interface 4681.
[20-12-2020 16:17:31] Opening interface 4692.
[20-12-2020 16:17:31] Opening interface 4681.
[20-12-2020 16:17:31] Opening interface 4680.
[20-12-2020 16:17:32] Opening interface 4679.
[20-12-2020 16:17:32] Opening interface 4564.
[20-12-2020 16:17:32] Opening interface 4558.
[20-12-2020 16:17:32] Opening interface 4564.
[20-12-2020 16:17:33] Opening interface 4558.
[20-12-2020 16:17:34] Opening interface 4543.
[20-12-2020 16:17:34] Opening interface 4535.
[20-12-2020 16:17:35] Opening interface 4504.
[20-12-2020 16:17:36] Opening interface 4471.
[20-12-2020 16:17:36] Opening interface 4465.
[20-12-2020 16:17:36] Opening interface 4471.
[20-12-2020 16:17:37] Opening interface 4465.
[20-12-2020 16:17:37] Opening interface 4448.
[20-12-2020 16:17:38] Opening interface 4447.
[20-12-2020 16:17:38] Opening interface 4446.
[20-12-2020 16:17:38] Opening interface 4445.
[20-12-2020 16:17:39] Opening interface 4443.
[20-12-2020 16:17:39] Opening interface 4445.
[20-12-2020 16:17:42] Opening interface 4443.
[20-12-2020 16:17:42] Opening interface 4429.
[20-12-2020 16:17:42] Opening interface 4416.
[20-12-2020 16:17:43] Opening interface 4305.
[20-12-2020 16:17:43] Opening interface 4282.
[20-12-2020 16:17:43] Opening interface 4277.
[20-12-2020 16:17:43] Opening interface 4272.
[20-12-2020 16:17:44] Opening interface 4267.
[20-12-2020 16:17:44] Opening interface 4261.
[20-12-2020 16:17:44] Opening interface 4161.
[20-12-2020 16:17:44] Opening interface 4160.
[20-12-2020 16:17:45] Opening interface 4161.
[20-12-2020 16:39:44] Opening interface 4160.
[20-12-2020 16:39:44] Opening interface 4142.
[20-12-2020 16:39:44] Opening interface 4136.
[20-12-2020 16:39:45] Opening interface 4130.
[20-12-2020 16:39:45] Opening interface 4124.
[20-12-2020 16:39:45] Opening interface 4118.
[20-12-2020 16:39:46] Opening interface 4112.
[20-12-2020 16:39:46] Opening interface 4106.
[20-12-2020 16:39:46] Opening interface 4100.
[20-12-2020 16:39:46] Opening interface 4094.
[20-12-2020 16:39:46] Opening interface 4088.
[20-12-2020 16:39:46] Opening interface 4082.
[20-12-2020 16:39:47] Opening interface 4076.
[20-12-2020 16:39:47] Opening interface 4070.
[20-12-2020 16:39:47] Opening interface 4064.
[20-12-2020 16:39:47] Opening interface 4058.
[20-12-2020 16:39:47] Opening interface 4052.
[20-12-2020 16:39:47] Opening interface 4046.
[20-12-2020 16:39:48] Opening interface 4040.
[20-12-2020 16:39:48] Opening interface 3985.
[20-12-2020 16:39:48] Opening interface 3983.
[20-12-2020 16:39:48] Opening interface 3917.
[20-12-2020 16:39:48] Opening interface 3824.
[20-12-2020 16:39:49] Opening interface 3917.
[20-12-2020 16:39:51] Opening interface 3824.
[20-12-2020 16:39:52] Opening interface 3822.
[20-12-2020 16:39:52] Opening interface 3821.
[20-12-2020 16:39:52] Opening interface 3820.
[20-12-2020 16:39:52] Opening interface 3819.
[20-12-2020 16:39:53] Opening interface 3818.
[20-12-2020 16:39:53] Opening interface 3817.
[20-12-2020 16:39:53] Opening interface 3816.
[20-12-2020 16:39:53] Opening interface 3815.
[20-12-2020 16:39:54] Opening interface 3814.
[20-12-2020 16:39:54] Opening interface 3798.
[20-12-2020 16:39:54] Opening interface 3797.
[20-12-2020 16:39:54] Opening interface 3796.
[20-12-2020 16:39:54] Opening interface 3702.
[20-12-2020 16:39:55] Opening interface 3796.
[20-12-2020 16:39:55] Opening interface 3702.
[20-12-2020 16:39:55] Opening interface 3559.
[20-12-2020 16:39:56] Opening interface 3702.
[20-12-2020 16:39:56] Opening interface 3559.
[20-12-2020 16:39:57] Opening interface 3443.
[20-12-2020 16:39:57] Opening interface 3323.
[20-12-2020 16:39:58] Opening interface 3321.
[20-12-2020 16:39:58] Opening interface 3281.
[20-12-2020 16:39:58] Opening interface 3279.
[20-12-2020 16:39:59] Opening interface 3249.
[20-12-2020 16:39:59] Opening interface 3236.
[20-12-2020 16:39:59] Opening interface 3213.
[20-12-2020 16:39:59] Opening interface 3209.
[20-12-2020 16:40:00] Opening interface 3038.
[20-12-2020 16:40:00] Opening interface 3023.
[20-12-2020 16:40:01] Opening interface 2851.
[20-12-2020 16:40:01] Opening interface 2833.
[20-12-2020 16:40:01] Opening interface 2832.
[20-12-2020 16:40:01] Opening interface 2808.
[20-12-2020 16:40:01] Opening interface 2804.
[20-12-2020 16:40:02] Opening interface 2808.
[20-12-2020 16:40:03] Opening interface 2804.
[20-12-2020 16:40:03] Opening interface 2653.
[20-12-2020 16:40:03] Opening interface 2505.
[20-12-2020 16:40:03] Opening interface 2492.
[20-12-2020 16:40:03] Opening interface 2480.
[20-12-2020 16:40:04] Opening interface 2469.
[20-12-2020 16:40:04] Opening interface 2459.
[20-12-2020 16:40:04] Opening interface 2449.
[20-12-2020 16:40:04] Opening interface 2448.
[20-12-2020 16:40:05] Opening interface 2447.
[20-12-2020 16:40:05] Opening interface 2446.
[20-12-2020 16:40:05] Opening interface 2445.
[20-12-2020 16:40:05] Opening interface 2444.
[20-12-2020 16:40:06] Opening interface 2443.
[20-12-2020 16:40:06] Opening interface 2442.
[20-12-2020 16:40:06] Opening interface 2441.
[20-12-2020 16:40:06] Opening interface 2425.
[20-12-2020 16:40:06] Opening interface 2424.
[20-12-2020 16:40:06] Opening interface 2423.
[20-12-2020 16:40:07] Opening interface 2400.
[20-12-2020 16:40:07] Opening interface 2311.
[20-12-2020 16:40:07] Opening interface 2302.
[20-12-2020 16:40:07] Opening interface 2301.
[20-12-2020 16:40:08] Opening interface 2302.
[20-12-2020 16:40:09] Opening interface 2311.
[20-12-2020 16:40:10] Opening interface 2302.
[20-12-2020 16:40:10] Opening interface 2301.
[20-12-2020 16:40:11] Opening interface 2300.
[20-12-2020 16:40:11] Opening interface 2299.
[20-12-2020 16:40:11] Opening interface 2298.
[20-12-2020 16:40:11] Opening interface 2297.
[20-12-2020 16:40:11] Opening interface 2296.
[20-12-2020 16:40:11] Opening interface 2295.
[20-12-2020 16:40:12] Opening interface 2294.
[20-12-2020 16:40:12] Opening interface 2278.
[20-12-2020 16:40:12] Opening interface 2277.
[20-12-2020 16:40:12] Opening interface 2276.
[20-12-2020 16:40:12] Opening interface 2156.
[20-12-2020 16:40:13] Opening interface 2007.
[20-12-2020 16:40:13] Opening interface 2005.
[20-12-2020 16:40:14] Opening interface 1908.
[20-12-2020 16:40:14] Opening interface 1829.
[20-12-2020 16:40:14] Opening interface 1779.
[20-12-2020 16:40:14] Opening interface 1829.
[20-12-2020 16:40:14] Opening interface 1908.
[20-12-2020 16:40:16] Opening interface 1829.
[20-12-2020 16:40:16] Opening interface 1779.
[20-12-2020 16:40:17] Opening interface 1766.
[20-12-2020 16:40:18] Opening interface 1765.
[20-12-2020 16:40:18] Opening interface 1764.
[20-12-2020 16:40:18] Opening interface 1749.
[20-12-2020 16:40:19] Opening interface 1743.
[20-12-2020 16:40:19] Opening interface 1723.
[20-12-2020 16:40:19] Opening interface 1722.
[20-12-2020 16:40:19] Opening interface 1721.
[20-12-2020 16:40:20] Opening interface 1720.
[20-12-2020 16:40:20] Opening interface 1719.
[20-12-2020 16:40:20] Opening interface 1718.
[20-12-2020 16:40:20] Opening interface 1717.
[20-12-2020 16:40:20] Opening interface 1716.
[20-12-2020 16:40:20] Opening interface 1700.
[20-12-2020 16:40:21] Opening interface 1699.
[20-12-2020 16:40:21] Opening interface 1698.
[20-12-2020 16:40:21] Opening interface 1689.
[20-12-2020 16:40:21] Opening interface 1671.
[20-12-2020 16:40:21] Opening interface 1670.
[20-12-2020 16:40:22] Opening interface 1669.
[20-12-2020 16:40:22] Opening interface 1668.
[20-12-2020 16:40:22] Opening interface 1644.
[20-12-2020 16:40:22] Opening interface 1635.
[20-12-2020 16:40:22] Opening interface 1644.
[20-12-2020 16:40:25] Opening interface 1635.
[20-12-2020 16:40:25] Opening interface 1624.
[20-12-2020 16:40:25] Opening interface 1613.
[20-12-2020 16:40:25] Opening interface 1602.
[20-12-2020 16:40:25] Opening interface 1593.
[20-12-2020 16:40:26] Opening interface 1583.
[20-12-2020 16:40:26] Opening interface 1573.
[20-12-2020 16:40:26] Opening interface 1563.
[20-12-2020 16:40:26] Opening interface 1553.
[20-12-2020 16:40:26] Opening interface 1544.
[20-12-2020 16:40:26] Opening interface 1530.
[20-12-2020 16:40:27] Opening interface 1521.
[20-12-2020 16:40:27] Opening interface 1512.
[20-12-2020 16:40:27] Opening interface 1503.
[20-12-2020 16:40:27] Opening interface 1494.
[20-12-2020 16:40:52] Closing application.
